d:\projects\practicesfml\practicesfml\debug\vc141.pdb
d:\projects\practicesfml\practicesfml\debug\vc141.idb
d:\projects\practicesfml\practicesfml\debug\scatterbehaviour.obj
d:\projects\practicesfml\practicesfml\debug\map.obj
d:\projects\practicesfml\practicesfml\debug\practicesfml.obj
d:\projects\practicesfml\practicesfml\debug\player.obj
d:\projects\practicesfml\practicesfml\debug\object.obj
d:\projects\practicesfml\practicesfml\debug\keyboard.obj
d:\projects\practicesfml\practicesfml\debug\global.obj
d:\projects\practicesfml\practicesfml\debug\ghost.obj
d:\projects\practicesfml\practicesfml\debug\gameobject.obj
d:\projects\practicesfml\practicesfml\debug\frightenedwandering.obj
d:\projects\practicesfml\practicesfml\debug\frightenedbehaviour.obj
d:\projects\practicesfml\practicesfml\debug\chaserandom.obj
d:\projects\practicesfml\practicesfml\debug\chasebehaviour.obj
d:\projects\practicesfml\practicesfml\debug\chaseaggressive.obj
d:\projects\practicesfml\practicesfml\debug\blinky.obj
d:\projects\practicesfml\practicesfml\debug\practicesfml.tlog\cl.command.1.tlog
d:\projects\practicesfml\practicesfml\debug\practicesfml.tlog\cl.read.1.tlog
d:\projects\practicesfml\practicesfml\debug\practicesfml.tlog\cl.write.1.tlog
